warning: Git tree '/home/nick/dotfiles/nixos' is dirty
building the system configuration...
warning: Git tree '/home/nick/dotfiles/nixos' is dirty
trace: warning: The option `services.openssh.forwardX11' defined in `/nix/store/f25g610d2ymgxvcilfkvlpciyb8slwlf-source/hosts/default/configuration.nix' has been renamed to `services.openssh.settings.X11Forwarding'.
these 7 derivations will be built:
  /nix/store/m5q5xc9cfn760h9yaq4z9rkmj5ibk3yr-hm_.zshrc.drv
  /nix/store/4gkdny27y9cd8ascrsy68xgq9ffqrlrk-home-manager-files.drv
  /nix/store/cabw5vgxg0pw03xrha1yxsrn181i1h8i-home-manager-generation.drv
  /nix/store/dvj4idg6kfizzdwjjmry0prdshkviqaq-unit-home-manager-nick.service.drv
  /nix/store/0r545cx112kzq4r71m50mdy3yymiwbz6-system-units.drv
  /nix/store/2gwlg7pslxn1a5xhnpzrclaglsb0h0z2-etc.drv
  /nix/store/5x54a7c3s76jrggiki2wp47mxmy6ind3-nixos-system-nixos-24.11.20240531.57610d2.drv
building '/nix/store/m5q5xc9cfn760h9yaq4z9rkmj5ibk3yr-hm_.zshrc.drv'...
building '/nix/store/4gkdny27y9cd8ascrsy68xgq9ffqrlrk-home-manager-files.drv'...
building '/nix/store/cabw5vgxg0pw03xrha1yxsrn181i1h8i-home-manager-generation.drv'...
building '/nix/store/dvj4idg6kfizzdwjjmry0prdshkviqaq-unit-home-manager-nick.service.drv'...
building '/nix/store/0r545cx112kzq4r71m50mdy3yymiwbz6-system-units.drv'...
building '/nix/store/2gwlg7pslxn1a5xhnpzrclaglsb0h0z2-etc.drv'...
building '/nix/store/5x54a7c3s76jrggiki2wp47mxmy6ind3-nixos-system-nixos-24.11.20240531.57610d2.drv'...
activating the configuration...
setting up /etc...
reloading user units for nick...
restarting sysinit-reactivation.target
restarting the following units: home-manager-nick.service
